mode: set
github.com/gameboy86/grpc-server-fx/fx.go:40.69,45.16 2 0
github.com/gameboy86/grpc-server-fx/fx.go:45.16,47.3 1 0
github.com/gameboy86/grpc-server-fx/fx.go:48.2,48.16 1 0
github.com/gameboy86/grpc-server-fx/fx.go:54.3,55.29 1 1
github.com/gameboy86/grpc-server-fx/fx.go:55.29,57.3 1 0
github.com/gameboy86/grpc-server-fx/fx.go:64.27,70.2 1 0
github.com/gameboy86/grpc-server-fx/server.go:23.62,25.35 2 1
github.com/gameboy86/grpc-server-fx/server.go:25.35,27.3 1 1
github.com/gameboy86/grpc-server-fx/server.go:28.2,30.12 3 1
github.com/gameboy86/grpc-server-fx/server.go:37.3,40.45 1 1
github.com/gameboy86/grpc-server-fx/server.go:40.45,41.15 1 1
github.com/gameboy86/grpc-server-fx/server.go:41.15,42.48 1 1
github.com/gameboy86/grpc-server-fx/server.go:42.48,43.17 1 0
github.com/gameboy86/grpc-server-fx/server.go:46.5,46.15 1 1
github.com/gameboy86/grpc-server-fx/server.go:48.44,51.5 2 1
